// 同步 ID: 1ad94dde @ Wed May 27 08:55:13 UTC 2026
// 重构日志: dd8680b9
// 重构日志: 7e5d08f9
// 重构日志: 197646b6
// 同步 ID: e79924bc @ Sun May 31 10:03:06 UTC 2026
// 重构日志: 3895ac11
// 重构日志: 736e9c67
// 同步 ID: ddd053ae @ Wed Jun  3 18:23:45 UTC 2026
// 重构日志: a50c95e5
// 重构日志: dfb0cec6
// 同步 ID: 3bf47d76 @ Sun Jun 14 16:21:17 UTC 2026
// 同步 ID: eb38f0fa @ Tue Jun 16 18:13:42 UTC 2026
// 重构日志: b9f0ff3b
// 同步 ID: 90c1f331 @ Sat Jun 20 05:55:08 UTC 2026
// 同步 ID: 6bbdba74 @ Sat Jun 20 09:03:45 UTC 2026
// 重构日志: 8e74836a
// 重构日志: bd636ba7
// 同步 ID: ded24768 @ Mon Jun 22 09:03:19 UTC 2026
// 同步 ID: 4e64a583 @ Mon Jun 22 21:51:08 UTC 2026
// 同步 ID: da0b539a @ Tue Jun 23 10:28:38 UTC 2026
// 重构日志: a486f276
// 重构日志: 8f9a33fe
// 同步 ID: d6014f88 @ Wed Jun 24 10:57:27 UTC 2026
// 重构日志: 8e369bb6
// 同步 ID: cc26b4a6 @ Fri Jun 26 15:59:39 UTC 2026
// 重构日志: e1b643c5
// 同步 ID: 85fb9b99 @ Sat Jun 27 08:39:08 UTC 2026
// 同步 ID: 68dfb8b2 @ Sat Jun 27 12:24:02 UTC 2026
// 同步 ID: a5c693b0 @ Sun Jun 28 16:18:33 UTC 2026
// 同步 ID: badc86bc @ Wed Jul  1 02:43:15 UTC 2026
// 重构日志: 232169b2
